<?xml version="1.0" encoding="UTF-8"?>
<testng-results ignored="0" total="1" passed="1" failed="0" skipped="0">
  <reporter-output>
  </reporter-output>
  <suite started-at="2022-08-08T09:19:48 IST" name="Default suite" finished-at="2022-08-08T09:19:57 IST" duration-ms="9217">
    <groups>
    </groups>
    <test started-at="2022-08-08T09:19:48 IST" name="Default test" finished-at="2022-08-08T09:19:57 IST" duration-ms="9217">
      <class name="dataDriven.Test2">
        <test-method signature="tc2()[pri:0, instance:dataDriven.Test2@5939a379]" started-at="2022-08-08T09:19:48 IST" name="tc2" finished-at="2022-08-08T09:19:57 IST" duration-ms="9111" status="PASS">
          <reporter-output>
          </reporter-output>
        </test-method> <!-- tc2 -->
      </class> <!-- dataDriven.Test2 -->
    </test> <!-- Default test -->
  </suite> <!-- Default suite -->
</testng-results>
