<?xml version="1.0" encoding="UTF-8"?>
<testng-results ignored="0" total="1" passed="1" failed="0" skipped="0">
  <reporter-output>
  </reporter-output>
  <suite started-at="2022-08-04T08:54:48 IST" name="Default suite" finished-at="2022-08-04T08:55:00 IST" duration-ms="11584">
    <groups>
    </groups>
    <test started-at="2022-08-04T08:54:48 IST" name="Default test" finished-at="2022-08-04T08:55:00 IST" duration-ms="11584">
      <class name="actions.Test1">
        <test-method signature="demo()[pri:0, instance:actions.Test1@776b83cc]" started-at="2022-08-04T08:54:48 IST" name="demo" finished-at="2022-08-04T08:55:00 IST" duration-ms="11474" status="PASS">
          <reporter-output>
          </reporter-output>
        </test-method> <!-- demo -->
      </class> <!-- actions.Test1 -->
    </test> <!-- Default test -->
  </suite> <!-- Default suite -->
</testng-results>
